nohup: ignoring input
Building...
info: Microsoft.EntityFrameworkCore.Database.Command[20101]
      Executed DbCommand (62ms) [Parameters=[], CommandType='Text', CommandTimeout='30']
      SELECT CASE WHEN COUNT(*) = 0 THEN FALSE ELSE TRUE END
      FROM pg_class AS cls
      JOIN pg_namespace AS ns ON ns.oid = cls.relnamespace
      WHERE
              cls.relkind IN ('r', 'v', 'm', 'f', 'p') AND
              ns.nspname NOT IN ('pg_catalog', 'information_schema') AND
              -- Exclude tables which are members of PG extensions
              NOT EXISTS (
                  SELECT 1 FROM pg_depend WHERE
                      classid=(
                          SELECT cls.oid
                          FROM pg_class AS cls
                                   JOIN pg_namespace AS ns ON ns.oid = cls.relnamespace
                          WHERE relname='pg_class' AND ns.nspname='pg_catalog'
                      ) AND
                      objid=cls.oid AND
                      deptype IN ('e', 'x')
              )
info: Microsoft.Hosting.Lifetime[14]
      Now listening on: http://[::]:5187
info: Microsoft.Hosting.Lifetime[0]
      Application started. Press Ctrl+C to shut down.
info: Microsoft.Hosting.Lifetime[0]
      Hosting environment: Development
info: Microsoft.Hosting.Lifetime[0]
      Content root path: /root/mobilSoftFount/mobileBackendsoftFount
info: Microsoft.EntityFrameworkCore.Database.Command[20101]
      Executed DbCommand (4ms) [Parameters=[], CommandType='Text', CommandTimeout='30']
      SELECT d."Id", d."BenzeneType", d."ReportDate"
      FROM "DisabilityAndIncreaseReports" AS d
      ORDER BY d."ReportDate" DESC
info: Microsoft.EntityFrameworkCore.Database.Command[20101]
      Executed DbCommand (4ms) [Parameters=[], CommandType='Text', CommandTimeout='30']
      SELECT d."Id", d."BenzeneType", d."ReportDate"
      FROM "DisabilityAndIncreaseReports" AS d
      ORDER BY d."ReportDate" DESC
info: Microsoft.EntityFrameworkCore.Database.Command[20101]
      Executed DbCommand (10ms) [Parameters=[@__loginRequest_Email_0='?'], CommandType='Text', CommandTimeout='30']
      SELECT u."Id", u."Email", u."Name", u."PasswordHash", u."Role"
      FROM "Users" AS u
      WHERE u."Email" = @__loginRequest_Email_0
      LIMIT 2
info: Microsoft.EntityFrameworkCore.Database.Command[20101]
      Executed DbCommand (1ms) [Parameters=[], CommandType='Text', CommandTimeout='30']
      SELECT b."Id", b."Name", b."PriceOfLitre", b."PriceOfSelling", b."RateOfEvaporation", b."RateOfTaxes", b."RateOfVats"
      FROM "Benzenes" AS b
info: Microsoft.EntityFrameworkCore.Database.Command[20101]
      Executed DbCommand (1ms) [Parameters=[], CommandType='Text', CommandTimeout='30']
      SELECT d."Id", d."BenzeneType", d."ReportDate"
      FROM "DisabilityAndIncreaseReports" AS d
      ORDER BY d."ReportDate" DESC
info: Microsoft.EntityFrameworkCore.Database.Command[20101]
      Executed DbCommand (2ms) [Parameters=[], CommandType='Text', CommandTimeout='30']
      SELECT d."Id", d."BenzeneType", d."ReportDate"
      FROM "DisabilityAndIncreaseReports" AS d
      ORDER BY d."ReportDate" DESC
info: Microsoft.EntityFrameworkCore.Database.Command[20101]
      Executed DbCommand (1ms) [Parameters=[], CommandType='Text', CommandTimeout='30']
      SELECT d."Id", d."BenzeneType", d."ReportDate"
      FROM "DisabilityAndIncreaseReports" AS d
      ORDER BY d."ReportDate" DESC
info: Microsoft.EntityFrameworkCore.Database.Command[20101]
      Executed DbCommand (1ms) [Parameters=[], CommandType='Text', CommandTimeout='30']
      SELECT d."Id", d."BenzeneType", d."ReportDate"
      FROM "DisabilityAndIncreaseReports" AS d
      ORDER BY d."ReportDate" DESC
info: Microsoft.EntityFrameworkCore.Database.Command[20101]
      Executed DbCommand (1ms) [Parameters=[@__loginRequest_Email_0='?'], CommandType='Text', CommandTimeout='30']
      SELECT u."Id", u."Email", u."Name", u."PasswordHash", u."Role"
      FROM "Users" AS u
      WHERE u."Email" = @__loginRequest_Email_0
      LIMIT 2
info: Microsoft.EntityFrameworkCore.Database.Command[20101]
      Executed DbCommand (1ms) [Parameters=[], CommandType='Text', CommandTimeout='30']
      SELECT b."Id", b."Name", b."PriceOfLitre", b."PriceOfSelling", b."RateOfEvaporation", b."RateOfTaxes", b."RateOfVats"
      FROM "Benzenes" AS b
info: Microsoft.EntityFrameworkCore.Database.Command[20101]
      Executed DbCommand (1ms) [Parameters=[], CommandType='Text', CommandTimeout='30']
      SELECT o."Id", o."Name"
      FROM "OilSuppliers" AS o
info: Microsoft.EntityFrameworkCore.Database.Command[20101]
      Executed DbCommand (1ms) [Parameters=[], CommandType='Text', CommandTimeout='30']
      SELECT o."Id", o."MobileNumber", o."Name", o."NationalID"
      FROM "OilWorkers" AS o
info: Microsoft.EntityFrameworkCore.Database.Command[20101]
      Executed DbCommand (1ms) [Parameters=[], CommandType='Text', CommandTimeout='30']
      SELECT b."Id", b."Name", b."PriceOfLitre", b."PriceOfSelling", b."RateOfEvaporation", b."RateOfTaxes", b."RateOfVats"
      FROM "Benzenes" AS b
info: Microsoft.EntityFrameworkCore.Database.Command[20101]
      Executed DbCommand (1ms) [Parameters=[], CommandType='Text', CommandTimeout='30']
      SELECT o."Id", o."Name"
      FROM "OilSuppliers" AS o
info: Microsoft.EntityFrameworkCore.Database.Command[20101]
      Executed DbCommand (1ms) [Parameters=[], CommandType='Text', CommandTimeout='30']
      SELECT o."Id", o."MobileNumber", o."Name", o."NationalID"
      FROM "OilWorkers" AS o
info: Microsoft.EntityFrameworkCore.Database.Command[20101]
      Executed DbCommand (1ms) [Parameters=[], CommandType='Text', CommandTimeout='30']
      SELECT o."Id", o."Name"
      FROM "OilSuppliers" AS o
info: Microsoft.EntityFrameworkCore.Database.Command[20101]
      Executed DbCommand (1ms) [Parameters=[], CommandType='Text', CommandTimeout='30']
      SELECT b."Id", b."Name", b."PriceOfLitre", b."PriceOfSelling", b."RateOfEvaporation", b."RateOfTaxes", b."RateOfVats"
      FROM "Benzenes" AS b
info: Microsoft.EntityFrameworkCore.Database.Command[20101]
      Executed DbCommand (1ms) [Parameters=[], CommandType='Text', CommandTimeout='30']
      SELECT o."Id", o."Name"
      FROM "OilSuppliers" AS o
info: Microsoft.EntityFrameworkCore.Database.Command[20101]
      Executed DbCommand (1ms) [Parameters=[], CommandType='Text', CommandTimeout='30']
      SELECT o."Id", o."MobileNumber", o."Name", o."NationalID"
      FROM "OilWorkers" AS o
info: Microsoft.EntityFrameworkCore.Database.Command[20101]
      Executed DbCommand (1ms) [Parameters=[], CommandType='Text', CommandTimeout='30']
      SELECT e."Id", e."DeductionFromProfit", e."Name"
      FROM "ExpenseCategories" AS e
info: Microsoft.EntityFrameworkCore.Database.Command[20101]
      Executed DbCommand (1ms) [Parameters=[], CommandType='Text', CommandTimeout='30']
      SELECT e."Id", e."DeductionFromProfit", e."Name"
      FROM "ExpenseCategories" AS e
info: Microsoft.EntityFrameworkCore.Database.Command[20101]
      Executed DbCommand (1ms) [Parameters=[], CommandType='Text', CommandTimeout='30']
      SELECT e."Id", e."DeductionFromProfit", e."Name"
      FROM "ExpenseCategories" AS e
info: Microsoft.EntityFrameworkCore.Database.Command[20101]
      Executed DbCommand (1ms) [Parameters=[], CommandType='Text', CommandTimeout='30']
      SELECT e."Id", e."DeductionFromProfit", e."Name"
      FROM "ExpenseCategories" AS e
info: Microsoft.EntityFrameworkCore.Database.Command[20101]
      Executed DbCommand (1ms) [Parameters=[], CommandType='Text', CommandTimeout='30']
      SELECT e."Id", e."DeductionFromProfit", e."Name"
      FROM "ExpenseCategories" AS e
info: Microsoft.EntityFrameworkCore.Database.Command[20101]
      Executed DbCommand (1ms) [Parameters=[], CommandType='Text', CommandTimeout='30']
      SELECT e."Id", e."DeductionFromProfit", e."Name"
      FROM "ExpenseCategories" AS e
info: Microsoft.EntityFrameworkCore.Database.Command[20101]
      Executed DbCommand (1ms) [Parameters=[], CommandType='Text', CommandTimeout='30']
      SELECT e."Id", e."DeductionFromProfit", e."Name"
      FROM "ExpenseCategories" AS e
info: Microsoft.EntityFrameworkCore.Database.Command[20101]
      Executed DbCommand (1ms) [Parameters=[], CommandType='Text', CommandTimeout='30']
      SELECT e."Id", e."DeductionFromProfit", e."Name"
      FROM "ExpenseCategories" AS e
info: Microsoft.EntityFrameworkCore.Database.Command[20101]
      Executed DbCommand (1ms) [Parameters=[], CommandType='Text', CommandTimeout='30']
      SELECT e."Id", e."DeductionFromProfit", e."Name"
      FROM "ExpenseCategories" AS e
info: Microsoft.EntityFrameworkCore.Database.Command[20101]
      Executed DbCommand (1ms) [Parameters=[], CommandType='Text', CommandTimeout='30']
      SELECT e."Id", e."DeductionFromProfit", e."Name"
      FROM "ExpenseCategories" AS e
info: Microsoft.EntityFrameworkCore.Database.Command[20101]
      Executed DbCommand (2ms) [Parameters=[], CommandType='Text', CommandTimeout='30']
      SELECT b."Id", b."Name", b."PriceOfLitre", b."PriceOfSelling", b."RateOfEvaporation", b."RateOfTaxes", b."RateOfVats"
      FROM "Benzenes" AS b
info: Microsoft.EntityFrameworkCore.Database.Command[20101]
      Executed DbCommand (1ms) [Parameters=[], CommandType='Text', CommandTimeout='30']
      SELECT o."Id", o."Name"
      FROM "OilSuppliers" AS o
info: Microsoft.EntityFrameworkCore.Database.Command[20101]
      Executed DbCommand (1ms) [Parameters=[], CommandType='Text', CommandTimeout='30']
      SELECT o."Id", o."MobileNumber", o."Name", o."NationalID"
      FROM "OilWorkers" AS o
info: Microsoft.EntityFrameworkCore.Database.Command[20101]
      Executed DbCommand (1ms) [Parameters=[], CommandType='Text', CommandTimeout='30']
      SELECT e."Id", e."DeductionFromProfit", e."Name"
      FROM "ExpenseCategories" AS e
